<?xml version="1.0" encoding="UTF-8"?>
<!-- Generated by org.testng.reporters.JUnitReportReporter -->
<testsuite hostname="dell" failures="0" tests="1" name="createneworgTest.createorg" time="0.022" errors="0" timestamp="2022-02-01T15:50:00 IST" skipped="0">
  <testcase classname="createneworgTest.createorg" name="createOrgTest" time="0.022"/>
  <system-out/>
</testsuite> <!-- createneworgTest.createorg -->
